<?xml version="1.0" encoding="UTF-8"?>
<testsuite name="com.epam.runner.RunCuke" time="0" tests="9" errors="0" skipped="7" failures="0">
  <properties>
[...]
</properties>
  <testcase name="Given I navigate to Main page" classname="| Emma Watson IFB Tease | Emma |" time="0">
    <skipped/>
    <system-out><![CDATA[@service
Feature: Verify published video content on ElenTube site

  @TestCase-2001
  Scenario Outline: : Verify that video section has certain tags &amp#27;[90m# video.feature:5&amp#27;[0m
    &amp#27;[36mGiven &amp#27;[0m&amp#27;[36mI navigate to Main page&amp#27;[0m
    &amp#27;[36mThen &amp#27;[0m&amp#27;[36mI should see the video with the following values:&amp#27;[0m

    Examples: 
]]></system-out>
  </testcase>
  <testcase name="Then I should see the video with the following values:" classname="| Emma Watson IFB Tease | Emma |" time="0">
    <skipped/>
  </testcase>
  <testcase name="| Emma Watson IFB Tease | Emma |" classname="| Emma Watson IFB Tease | Emma |" time="0">
    <skipped/>
  </testcase>
  <testcase name="| Emma Watson IFB Tease | Emma |" classname="| Emma Watson IFB Tease | Emma |" time="0.229"/>
  <testcase name="Given I navigate to Main page" classname="Scenario: Verify video search by tags" time="0">
    <skipped/>
    <system-out><![CDATA[
  @TestCase-2001 @service
  Scenario Outline: : Verify that video section has certain tags &amp#27;[90m# video.feature:12&amp#27;[0m
    &amp#27;[33mGiven &amp#27;[0m&amp#27;[33mI navigate to Main page&amp#27;[0m
    &amp#27;[33mThen &amp#27;[0m&amp#27;[33mI should see the video with the following values:&amp#27;[0m
]]></system-out>
  </testcase>
  <testcase name="When I search Video with the following values:" classname="Scenario: Verify video search by tags" time="0">
    <skipped/>
  </testcase>
  <testcase name="Then I should see the video with the following values:" classname="Scenario: Verify video search by tags" time="0">
    <skipped/>
  </testcase>
  <testcase name="Scenario: Verify video search by tags" classname="Scenario: Verify video search by tags" time="0">
    <skipped/>
  </testcase>
  <testcase name="Scenario: Verify video search by tags" classname="Scenario: Verify video search by tags" time="0.224"/>
</testsuite>